<?xml version="1.0" encoding="UTF-8" ?>
<testsuites>
 <testsuite name="Home Page" timestamp="2015-08-23T01:32:20" hostname="localhost" time="13.39" errors="0" tests="2" skipped="0" disabled="0" failures="0">
  <testcase classname="Home Page" name="should render properly" time="10.703" />
  <testcase classname="Home Page" name="should contain proper title" time="2.683" />
 </testsuite>
</testsuites>