<?xml version="1.0" encoding="UTF-8" ?>
<testsuites>
 <testsuite name="Login Page" timestamp="2015-08-25T13:24:42" hostname="localhost" time="5.39" errors="0" tests="2" skipped="0" disabled="0" failures="0">
  <testcase classname="Login Page" name="should render properly" time="3.071" />
  <testcase classname="Login Page" name="should contain proper title" time="2.317" />
 </testsuite>
</testsuites>