<?xml version="1.0" encoding="UTF-8" ?>
<testsuites>
 <testsuite name="Database connection" timestamp="2015-08-13T09:58:29" hostname="localhost" time="0.834" errors="0" tests="2" skipped="0" disabled="0" failures="0">
  <testcase classname="Database connection" name="should connect to database properly" time="0.626" />
  <testcase classname="Database connection" name="should make a query" time="0.204" />
 </testsuite>
</testsuites>