<?xml version="1.0" encoding="UTF-8" ?>
<testsuites>
 <testsuite name="Home Page" timestamp="2015-08-22T00:52:59" hostname="localhost" time="14.145" errors="0" tests="2" skipped="0" disabled="0" failures="0">
  <testcase classname="Home Page" name="should render properly" time="10.723" />
  <testcase classname="Home Page" name="should contain proper title" time="3.418" />
 </testsuite>
</testsuites>