<?xml version="1.0" encoding="UTF-8" ?>
<testsuites>
 <testsuite name="Database connection" timestamp="2015-08-21T14:53:21" hostname="localhost" time="0.805" errors="0" tests="2" skipped="0" disabled="0" failures="0">
  <testcase classname="Database connection" name="should connect to database properly" time="0.591" />
  <testcase classname="Database connection" name="should make a query" time="0.21" />
 </testsuite>
</testsuites>