<?xml version="1.0" encoding="UTF-8" ?>
<testsuites>
 <testsuite name="Login Page" timestamp="2015-08-21T14:12:05" hostname="localhost" time="23.345" errors="0" tests="2" skipped="0" disabled="0" failures="0">
  <testcase classname="Login Page" name="should render properly" time="3.247" />
  <testcase classname="Login Page" name="should contain proper title" time="2.436" />
 </testsuite>
 <testsuite name="Login Page.Login" timestamp="2015-08-21T14:12:11" hostname="localhost" time="1.386" errors="0" tests="1" skipped="0" disabled="0" failures="0">
  <testcase classname="Login Page.Login" name="should work properly" time="1.386" />
 </testsuite>
 <testsuite name="Login Page.Cookie Window" timestamp="2015-08-21T14:12:12" hostname="localhost" time="16.272" errors="0" tests="6" skipped="0" disabled="0" failures="1">
  <testcase classname="Login Page.Cookie Window" name="should contain cookie frame with elements" time="3.122" />
  <testcase classname="Login Page.Cookie Window" name="should contain cookie description" time="2.471" />
  <testcase classname="Login Page.Cookie Window" name="should contain cookie more.. text" time="2.441" />
  <testcase classname="Login Page.Cookie Window" name="should redirect user to cookie page after click on more.. text" time="3.266">
   <failure type="toEqual" message="Expected &apos;https://uat-unified-emea.yougov.net/about/cookies/&apos; to equal &apos;/about/cookies/&apos;."><![CDATA[Error: Failed expectation
    at Object.<anonymous> (/Users/jm/repos/protractortesting/specs/loginPageSpec.js:65:45)
    at /usr/local/lib/node_modules/protractor/node_modules/jasminewd2/index.js:96:23
    at new promise.Promise (/usr/local/lib/node_modules/protractor/node_modules/selenium-webdriver/lib/webdriver/promise.js:355:5)
    at controlFlowExecute (/usr/local/lib/node_modules/protractor/node_modules/jasminewd2/index.js:82:18)
    at [object Object].promise.ControlFlow.runInFrame_ (/usr/local/lib/node_modules/protractor/node_modules/selenium-webdriver/lib/webdriver/promise.js:1877:20)
    at [object Object].promise.ControlFlow.runEventLoop_ (/usr/local/lib/node_modules/protractor/node_modules/selenium-webdriver/lib/webdriver/promise.js:1755:8)
    at [object Object].<anonymous> (/usr/local/lib/node_modules/protractor/node_modules/selenium-webdriver/lib/webdriver/promise.js:2056:12)
    at goog.async.run.processWorkQueue (/usr/local/lib/node_modules/protractor/node_modules/selenium-webdriver/lib/goog/async/run.js:125:21)
    at runMicrotasksCallback (node.js:337:7)]]>
   </failure>
  </testcase>
  <testcase classname="Login Page.Cookie Window" name="should contain cookie accept button" time="2.446" />
  <testcase classname="Login Page.Cookie Window" name="should close cookie frame after acceptation" time="2.523" />
 </testsuite>
</testsuites>