<?xml version="1.0" encoding="UTF-8" ?>
<testsuites>
 <testsuite name="Home Page" timestamp="2015-08-21T14:53:22" hostname="localhost" time="5.782" errors="0" tests="2" skipped="0" disabled="0" failures="0">
  <testcase classname="Home Page" name="should render properly" time="3.537" />
  <testcase classname="Home Page" name="should contain proper title" time="2.244" />
 </testsuite>
</testsuites>