<?xml version="1.0" encoding="UTF-8" ?>
<testsuites>
 <testsuite name="Home Page" timestamp="2015-08-25T13:24:38" hostname="localhost" time="4.379" errors="0" tests="2" skipped="0" disabled="0" failures="0">
  <testcase classname="Home Page" name="should render properly" time="2.553" />
  <testcase classname="Home Page" name="should contain proper title" time="1.825" />
 </testsuite>
</testsuites>