<?xml version="1.0" encoding="UTF-8" ?>
<testsuites>
 <testsuite name="Home Page" timestamp="2015-08-23T13:46:31" hostname="localhost" time="13.438" errors="0" tests="2" skipped="0" disabled="0" failures="0">
  <testcase classname="Home Page" name="should render properly" time="11.345" />
  <testcase classname="Home Page" name="should contain proper title" time="2.089" />
 </testsuite>
</testsuites>