<?xml version="1.0" encoding="UTF-8" ?>
<testsuites>
 <testsuite name="Home Page" timestamp="2015-08-24T13:36:00" hostname="localhost" time="6.246" errors="0" tests="2" skipped="0" disabled="0" failures="0">
  <testcase classname="Home Page" name="should render properly" time="4.134" />
  <testcase classname="Home Page" name="should contain proper title" time="2.11" />
 </testsuite>
</testsuites>