<?xml version="1.0" encoding="UTF-8" ?>
<testsuites>
 <testsuite name="Home Page" timestamp="2015-08-21T14:11:57" hostname="localhost" time="8.487" errors="0" tests="2" skipped="0" disabled="0" failures="1">
  <testcase classname="Home Page" name="should render properly" time="4.011" />
  <testcase classname="Home Page" name="should contain proper title" time="2.268">
   <failure type="toEqual" message="Expected &apos;YouGov | Home&apos; to equal &apos;YouGov | What the world thinks&apos;."><![CDATA[Error: Failed expectation
    at Object.<anonymous> (/Users/jm/repos/protractortesting/specs/homePageSpec.js:17:36)
    at /usr/local/lib/node_modules/protractor/node_modules/jasminewd2/index.js:96:23
    at new promise.Promise (/usr/local/lib/node_modules/protractor/node_modules/selenium-webdriver/lib/webdriver/promise.js:355:5)
    at controlFlowExecute (/usr/local/lib/node_modules/protractor/node_modules/jasminewd2/index.js:82:18)
    at [object Object].promise.ControlFlow.runInFrame_ (/usr/local/lib/node_modules/protractor/node_modules/selenium-webdriver/lib/webdriver/promise.js:1877:20)
    at [object Object].promise.ControlFlow.runEventLoop_ (/usr/local/lib/node_modules/protractor/node_modules/selenium-webdriver/lib/webdriver/promise.js:1755:8)
    at [object Object].<anonymous> (/usr/local/lib/node_modules/protractor/node_modules/selenium-webdriver/lib/webdriver/promise.js:2056:12)
    at goog.async.run.processWorkQueue (/usr/local/lib/node_modules/protractor/node_modules/selenium-webdriver/lib/goog/async/run.js:125:21)
    at runMicrotasksCallback (node.js:337:7)]]>
   </failure>
  </testcase>
 </testsuite>
 <testsuite name="Home Page.Map" timestamp="2015-08-21T14:12:03" hostname="localhost" time="2.207" errors="0" tests="1" skipped="0" disabled="0" failures="0">
  <testcase classname="Home Page.Map" name="should be shown" time="2.206" />
 </testsuite>
</testsuites>