<?xml version="1.0" encoding="UTF-8" ?>
<testsuites>
 <testsuite name="Home Page" timestamp="2015-08-23T19:22:11" hostname="localhost" time="13.053" errors="0" tests="2" skipped="0" disabled="0" failures="0">
  <testcase classname="Home Page" name="should render properly" time="10.709" />
  <testcase classname="Home Page" name="should contain proper title" time="2.34" />
 </testsuite>
</testsuites>