<?xml version="1.0" encoding="UTF-8" ?>
<testsuites>
 <testsuite name="Database connection" timestamp="2015-08-21T16:48:33" hostname="localhost" time="0.801" errors="0" tests="2" skipped="0" disabled="0" failures="0">
  <testcase classname="Database connection" name="should connect to database properly" time="0.596" />
  <testcase classname="Database connection" name="should make a query" time="0.2" />
 </testsuite>
</testsuites>